
Showing logs for build [32mcb-kubecd-bdd-gh-1568418484-pr-1[0m stage [32mmeta-pipeline[0m and container [32mstep-credential-initializer-rcf4n[0m
{"level":"warn","ts":1568418886.2777305,"logger":"fallback-logger","caller":"logging/config.go:69","msg":"Fetch GitHub commit ID from kodata failed: \"ref: refs/heads/master\" is not a valid GitHub commit ID"}
{"level":"info","ts":1568418886.2783833,"logger":"fallback-logger","caller":"creds-init/main.go:40","msg":"Credentials initialized."}

Showing logs for build [32mcb-kubecd-bdd-gh-1568418484-pr-1[0m stage [32mmeta-pipeline[0m and container [32mstep-working-dir-initializer-xzjjp[0m
{"level":"warn","ts":1568418888.0055094,"logger":"fallback-logger","caller":"logging/config.go:69","msg":"Fetch GitHub commit ID from kodata failed: open /var/run/ko/HEAD: no such file or directory"}
{"level":"info","ts":1568418888.1281035,"logger":"fallback-logger","caller":"bash/main.go:65","msg":"Successfully executed command \"mkdir -p /workspace/source\""}

Showing logs for build [32mcb-kubecd-bdd-gh-1568418484-pr-1[0m stage [32mmeta-pipeline[0m and container [32mstep-place-tools[0m

Showing logs for build [32mcb-kubecd-bdd-gh-1568418484-pr-1[0m stage [32mmeta-pipeline[0m and container [32mstep-git-source-meta-cb-kubecd-bdd-gh-156841848-94xbl[0m
{"level":"warn","ts":1568418893.412172,"logger":"fallback-logger","caller":"logging/config.go:69","msg":"Fetch GitHub commit ID from kodata failed: \"ref: refs/heads/master\" is not a valid GitHub commit ID"}
{"level":"info","ts":1568418894.4690235,"logger":"fallback-logger","caller":"git/git.go:102","msg":"Successfully cloned https://github.com/cb-kubecd/bdd-gh-1568418484.git @ 39a0476659c45a86a7effd5fec1bd27240f17831 in path /workspace/source"}

Showing logs for build [32mcb-kubecd-bdd-gh-1568418484-pr-1[0m stage [32mmeta-pipeline[0m and container [32mstep-git-merge[0m
Using SHAs from PULL_REFS=master:39a0476659c45a86a7effd5fec1bd27240f17831,1:b2812a2d9d232df995fa38b02af1c89bb0846cd0
DEBUG: ran git fetch --unshallow origin b2812a2d9d232df995fa38b02af1c89bb0846cd0: 39a0476659c45a86a7effd5fec1bd27240f17831: in 
DEBUG: ran git checkout master in 
DEBUG: ran git reset --hard 39a0476659c45a86a7effd5fec1bd27240f17831 in 
DEBUG: ran clean --force -d . in 
DEBUG: ran git merge b2812a2d9d232df995fa38b02af1c89bb0846cd0 in 
Merged SHA b2812a2d9d232df995fa38b02af1c89bb0846cd0 with commit message 'My first PR commit' into base branch master

Showing logs for build [32mcb-kubecd-bdd-gh-1568418484-pr-1[0m stage [32mmeta-pipeline[0m and container [32mstep-merge-pull-refs[0m
DEBUG: ran git fetch origin b2812a2d9d232df995fa38b02af1c89bb0846cd0: 39a0476659c45a86a7effd5fec1bd27240f17831: in 
DEBUG: Unshallowed git repo in 
DEBUG: ran git checkout master in 
DEBUG: ran git reset --hard 39a0476659c45a86a7effd5fec1bd27240f17831 in 
DEBUG: ran clean --force -d . in 
DEBUG: ran git merge b2812a2d9d232df995fa38b02af1c89bb0846cd0 in 
Merged SHA b2812a2d9d232df995fa38b02af1c89bb0846cd0 with commit message 'My first PR commit' into base branch master

Showing logs for build [32mcb-kubecd-bdd-gh-1568418484-pr-1[0m stage [32mmeta-pipeline[0m and container [32mstep-create-effective-pipeline[0m
Deleting and cloning the Jenkins X versions repo
Cloning the Jenkins X versions repo https://github.com/jenkins-x/jenkins-x-versions.git with ref refs/heads/master to /builder/home/.**/jenkins-x-versions
Effective pipeline written to jenkins-x-serverless-jenkins-effective.yml

Showing logs for build [32mcb-kubecd-bdd-gh-1568418484-pr-1[0m stage [32mmeta-pipeline[0m and container [32mstep-create-tekton-crds[0m
PipelineActivity for cb-kubecd-bdd-gh-1568418484-PR-1-1
Applying changes 
upserted PipelineResource cb-kubecd-bdd-gh-1568418484-pr for the git repository https://github.com/cb-kubecd/bdd-gh-1568418484.git
upserted Task cb-kubecd-bdd-gh-1568418484-pr-from-build-pack-1
upserted Pipeline cb-kubecd-bdd-gh-1568418484-pr-1
created PipelineRun cb-kubecd-bdd-gh-1568418484-pr-1
created PipelineStructure cb-kubecd-bdd-gh-1568418484-pr-1

Showing logs for build [32mcb-kubecd-bdd-gh-1568418484-pr-1[0m stage [32mfrom-build-pack[0m and container [32mstep-credential-initializer-trh7h[0m
{"level":"warn","ts":1568418911.315102,"logger":"fallback-logger","caller":"logging/config.go:69","msg":"Fetch GitHub commit ID from kodata failed: \"ref: refs/heads/master\" is not a valid GitHub commit ID"}
{"level":"info","ts":1568418911.315547,"logger":"fallback-logger","caller":"creds-init/main.go:40","msg":"Credentials initialized."}

Showing logs for build [32mcb-kubecd-bdd-gh-1568418484-pr-1[0m stage [32mfrom-build-pack[0m and container [32mstep-working-dir-initializer-2fjbw[0m
{"level":"warn","ts":1568418912.6798124,"logger":"fallback-logger","caller":"logging/config.go:69","msg":"Fetch GitHub commit ID from kodata failed: open /var/run/ko/HEAD: no such file or directory"}
{"level":"info","ts":1568418912.6815321,"logger":"fallback-logger","caller":"bash/main.go:65","msg":"Successfully executed command \"mkdir -p /workspace/source /workspace/source/charts/preview\""}

Showing logs for build [32mcb-kubecd-bdd-gh-1568418484-pr-1[0m stage [32mfrom-build-pack[0m and container [32mstep-place-tools[0m

Showing logs for build [32mcb-kubecd-bdd-gh-1568418484-pr-1[0m stage [32mfrom-build-pack[0m and container [32mstep-git-source-cb-kubecd-bdd-gh-1568418484-pr-qt79w[0m
{"level":"warn","ts":1568418918.7516747,"logger":"fallback-logger","caller":"logging/config.go:69","msg":"Fetch GitHub commit ID from kodata failed: \"ref: refs/heads/master\" is not a valid GitHub commit ID"}
{"level":"info","ts":1568418919.797803,"logger":"fallback-logger","caller":"git/git.go:102","msg":"Successfully cloned https://github.com/cb-kubecd/bdd-gh-1568418484.git @ master in path /workspace/source"}

Showing logs for build [32mcb-kubecd-bdd-gh-1568418484-pr-1[0m stage [32mfrom-build-pack[0m and container [32mstep-git-merge[0m
Using SHAs from PULL_REFS=master:39a0476659c45a86a7effd5fec1bd27240f17831,1:b2812a2d9d232df995fa38b02af1c89bb0846cd0
DEBUG: ran git fetch --unshallow origin b2812a2d9d232df995fa38b02af1c89bb0846cd0: 39a0476659c45a86a7effd5fec1bd27240f17831: in 
DEBUG: ran git checkout master in 
DEBUG: ran git reset --hard 39a0476659c45a86a7effd5fec1bd27240f17831 in 
DEBUG: ran clean --force -d . in 
DEBUG: ran git merge b2812a2d9d232df995fa38b02af1c89bb0846cd0 in 
Merged SHA b2812a2d9d232df995fa38b02af1c89bb0846cd0 with commit message 'My first PR commit' into base branch master

Showing logs for build [32mcb-kubecd-bdd-gh-1568418484-pr-1[0m stage [32mfrom-build-pack[0m and container [32mstep-build-make-linux[0m
CGO_ENABLED=0 GOOS=linux GOARCH=amd64 GO15VENDOREXPERIMENT=1 go build -ldflags '' -o bin/bdd-gh-1568418484 main.go

Showing logs for build [32mcb-kubecd-bdd-gh-1568418484-pr-1[0m stage [32mfrom-build-pack[0m and container [32mstep-build-container-build[0m
[36mINFO[0m[0000] No base image, nothing to extract            
[36mINFO[0m[0000] cmd: EXPOSE                                  
[36mINFO[0m[0000] Adding exposed port: 8080/tcp                
[36mINFO[0m[0000] Using files from context: [/workspace/source/bin] 
[36mINFO[0m[0000] Skipping unpacking as no commands require it. 
[36mINFO[0m[0000] Taking snapshot of full filesystem...        
[36mINFO[0m[0000] EXPOSE 8080                                  
[36mINFO[0m[0000] cmd: EXPOSE                                  
[36mINFO[0m[0000] Adding exposed port: 8080/tcp                
[36mINFO[0m[0000] No files changed in this command, skipping snapshotting. 
[36mINFO[0m[0000] ENTRYPOINT ["/bdd-gh-1568418484"]            
[36mINFO[0m[0000] No files changed in this command, skipping snapshotting. 
[36mINFO[0m[0000] Using files from context: [/workspace/source/bin] 
[36mINFO[0m[0000] COPY ./bin/ /                                
[36mINFO[0m[0000] Taking snapshot of files...                  
2019/09/13 23:55:46 pushed blob: sha256:eba7f791935cd44a73a22823d0aa20b83c23f6b21e3c229b47601b5d514e2277
2019/09/13 23:55:47 pushed blob: sha256:85e3fe3f062a5d255dec61896668de997677b097e93d55acc9822a4e33ff5ee0
2019/09/13 23:55:49 gcr.io/jenkins-x-bdd3/bdd-gh-1568418484:0.0.0-SNAPSHOT-PR-1-1: digest: sha256:f2912d797db0144279758d0ade4359755a34921ceeb9abdcf428acb3068f3977 size: 428

Showing logs for build [32mcb-kubecd-bdd-gh-1568418484-pr-1[0m stage [32mfrom-build-pack[0m and container [32mstep-postbuild-post-build[0m
no CVE provider running in the current ** namespace so skip adding image to be analysed

Showing logs for build [32mcb-kubecd-bdd-gh-1568418484-pr-1[0m stage [32mfrom-build-pack[0m and container [32mstep-promote-make-preview[0m
sed -i -e "s/version:.*/version: 0.0.0-SNAPSHOT-PR-1-1/" Chart.yaml
sed -i -e "s/version:.*/version: 0.0.0-SNAPSHOT-PR-1-1/" ../*/Chart.yaml
sed -i -e "s|repository:.*|repository: gcr.io\/jenkins-x-bdd3\/bdd-gh-1568418484|" values.yaml
sed -i -e "s/tag:.*/tag: 0.0.0-SNAPSHOT-PR-1-1/" values.yaml
echo "  version: 0.0.0-SNAPSHOT-PR-1-1" >> requirements.yaml
** step helm build
WARNING: No $CHART_REPOSITORY defined so using the default value of: http://jenkins-x-chartmuseum:8080
Adding missing Helm repo: storage.googleapis.com https://storage.googleapis.com/chartmuseum.jenkins-x.io
Successfully added Helm repository storage.googleapis.com.
Adding missing Helm repo: jenkins-x-chartmuseum http://jenkins-x-chartmuseum:8080
Successfully added Helm repository jenkins-x-chartmuseum.
WARNING: No $CHART_REPOSITORY defined so using the default value of: http://jenkins-x-chartmuseum:8080
Adding missing Helm repo: chartmuseum.jenkins-x.io http://chartmuseum.jenkins-x.io
Successfully added Helm repository chartmuseum.jenkins-x.io.

Showing logs for build [32mcb-kubecd-bdd-gh-1568418484-pr-1[0m stage [32mfrom-build-pack[0m and container [32mstep-promote-jx-preview[0m
Creating a preview
WARNING: No author for commit: b2812a2d9d232df995fa38b02af1c89bb0846cd0
Created environment cb-kubecd-bdd-gh-1568418484-pr-1
Namespace **-cb-kubecd-bdd-gh-1568418484-pr-1 created 
expose:
  Annotations:
    helm.sh/hook: post-install,post-upgrade
    helm.sh/hook-delete-policy: hook-succeeded
  config:
    domain: 34.77.132.135.nip.io
    exposer: Ingress
    http: "true"
preview:
  image:
    repository: gcr.io/jenkins-x-bdd3/bdd-gh-1568418484
    tag: 0.0.0-SNAPSHOT-PR-1-1
Deleting and cloning the Jenkins X versions repo
Cloning the Jenkins X versions repo https://github.com/jenkins-x/jenkins-x-versions.git with ref refs/heads/master to /builder/home/.**/jenkins-x-versions


Updating PipelineActivities cb-kubecd-bdd-gh-1568418484-pr-1-1 which has status Running
Preview application is now available at: http://bdd-gh-1568418484.**-cb-kubecd-bdd-gh-1568418484-pr-1.34.77.132.135.nip.io
